  Clipper.cpp
  CmdAddVertex.cpp
  CmdBeginDraw.cpp
  CmdDrawPixel.cpp
  CmdEndDraw.cpp
  CmdForLoop.cpp
  CmdSetClipping.cpp
  CmdSetColor.cpp
  CmdSetFillMode.cpp
  CmdSetResolution.cpp
  CmdSetViewport.cpp
  CmdShowViewport.cpp
  CmdVarFloat.cpp
  CommandDictionary.cpp
  Graphics.cpp
  MathHelper.cpp
D:\DOCS & HOMEWORKS\Pix\Pix\MathHelper.cpp(21,13): warning C4244: 'return': conversion from 'double' to 'float', possible loss of data
D:\DOCS & HOMEWORKS\Pix\Pix\MathHelper.cpp(26,13): warning C4244: 'return': conversion from 'double' to 'float', possible loss of data
  PixEditor.cpp
  PrimitivesManager.cpp
  Rasterizer.cpp
  ScriptParser.cpp
  Generating Code...
  Compiling...
  TextEditor.cpp
  VariableCache.cpp
  Viewport.cpp
  WinMain.cpp
  Generating Code...
     Creating library D:\DOCS & HOMEWORKS\Pix\x64\Debug\Pix.lib and object D:\DOCS & HOMEWORKS\Pix\x64\Debug\Pix.exp
  Pix.vcxproj -> D:\DOCS & HOMEWORKS\Pix\x64\Debug\Pix.exe
